{"/Users/ninad/Desktop/projects/JSQueue/src/Queue.js": {"path":"/Users/ninad/Desktop/projects/JSQueue/src/Queue.js","statementMap":{"0":{"start":{"line":7,"column":6},"end":{"line":9,"column":7}},"1":{"start":{"line":8,"column":9},"end":{"line":8,"column":22}},"2":{"start":{"line":10,"column":6},"end":{"line":10,"column":29}},"3":{"start":{"line":12,"column":6},"end":{"line":12,"column":26}},"4":{"start":{"line":17,"column":6},"end":{"line":17,"column":34}},"5":{"start":{"line":21,"column":6},"end":{"line":21,"column":41}},"6":{"start":{"line":25,"column":6},"end":{"line":25,"column":51}},"7":{"start":{"line":29,"column":6},"end":{"line":32,"column":7}},"8":{"start":{"line":30,"column":9},"end":{"line":30,"column":42}},"9":{"start":{"line":31,"column":9},"end":{"line":31,"column":39}},"10":{"start":{"line":34,"column":6},"end":{"line":34,"column":35}},"11":{"start":{"line":38,"column":6},"end":{"line":41,"column":7}},"12":{"start":{"line":39,"column":9},"end":{"line":39,"column":41}},"13":{"start":{"line":40,"column":9},"end":{"line":40,"column":41}},"14":{"start":{"line":42,"column":6},"end":{"line":42,"column":36}},"15":{"start":{"line":45,"column":6},"end":{"line":48,"column":7}},"16":{"start":{"line":46,"column":9},"end":{"line":46,"column":41}},"17":{"start":{"line":47,"column":9},"end":{"line":47,"column":41}},"18":{"start":{"line":49,"column":6},"end":{"line":49,"column":31}},"19":{"start":{"line":52,"column":6},"end":{"line":52,"column":26}}},"fnMap":{"0":{"name":"(anonymous_0)","decl":{"start":{"line":4,"column":3},"end":{"line":4,"column":4}},"loc":{"start":{"line":4,"column":24},"end":{"line":13,"column":5}},"line":4},"1":{"name":"(anonymous_1)","decl":{"start":{"line":16,"column":3},"end":{"line":16,"column":4}},"loc":{"start":{"line":16,"column":13},"end":{"line":18,"column":4}},"line":16},"2":{"name":"(anonymous_2)","decl":{"start":{"line":20,"column":3},"end":{"line":20,"column":4}},"loc":{"start":{"line":20,"column":13},"end":{"line":22,"column":4}},"line":20},"3":{"name":"(anonymous_3)","decl":{"start":{"line":24,"column":3},"end":{"line":24,"column":4}},"loc":{"start":{"line":24,"column":12},"end":{"line":26,"column":4}},"line":24},"4":{"name":"(anonymous_4)","decl":{"start":{"line":27,"column":3},"end":{"line":27,"column":4}},"loc":{"start":{"line":27,"column":20},"end":{"line":35,"column":4}},"line":27},"5":{"name":"(anonymous_5)","decl":{"start":{"line":36,"column":3},"end":{"line":36,"column":4}},"loc":{"start":{"line":36,"column":13},"end":{"line":43,"column":4}},"line":36},"6":{"name":"(anonymous_6)","decl":{"start":{"line":44,"column":3},"end":{"line":44,"column":4}},"loc":{"start":{"line":44,"column":10},"end":{"line":50,"column":4}},"line":44},"7":{"name":"(anonymous_7)","decl":{"start":{"line":51,"column":3},"end":{"line":51,"column":4}},"loc":{"start":{"line":51,"column":11},"end":{"line":53,"column":4}},"line":51}},"branchMap":{"0":{"loc":{"start":{"line":7,"column":6},"end":{"line":9,"column":7}},"type":"if","locations":[{"start":{"line":7,"column":6},"end":{"line":9,"column":7}},{"start":{"line":7,"column":6},"end":{"line":9,"column":7}}],"line":7},"1":{"loc":{"start":{"line":29,"column":6},"end":{"line":32,"column":7}},"type":"if","locations":[{"start":{"line":29,"column":6},"end":{"line":32,"column":7}},{"start":{"line":29,"column":6},"end":{"line":32,"column":7}}],"line":29},"2":{"loc":{"start":{"line":38,"column":6},"end":{"line":41,"column":7}},"type":"if","locations":[{"start":{"line":38,"column":6},"end":{"line":41,"column":7}},{"start":{"line":38,"column":6},"end":{"line":41,"column":7}}],"line":38},"3":{"loc":{"start":{"line":45,"column":6},"end":{"line":48,"column":7}},"type":"if","locations":[{"start":{"line":45,"column":6},"end":{"line":48,"column":7}},{"start":{"line":45,"column":6},"end":{"line":48,"column":7}}],"line":45}},"s":{"0":4,"1":3,"2":4,"3":4,"4":0,"5":2,"6":0,"7":1,"8":1,"9":1,"10":0,"11":1,"12":1,"13":1,"14":0,"15":0,"16":0,"17":0,"18":0,"19":2},"f":{"0":4,"1":0,"2":2,"3":0,"4":1,"5":1,"6":0,"7":2},"b":{"0":[3,1],"1":[1,0],"2":[1,0],"3":[0,0]},"_coverageSchema":"1a1c01bbd47fc00a2c39e90264f33305004495a9","hash":"90f942ced644b6e140c1a94a176aabdf43ba3cdf"}
}
