TN:
SF:src/Queue.js
FN:4,(anonymous_0)
FN:16,(anonymous_1)
FN:20,(anonymous_2)
FN:24,(anonymous_3)
FN:27,(anonymous_4)
FN:36,(anonymous_5)
FN:44,(anonymous_6)
FN:51,(anonymous_7)
FNF:8
FNH:5
FNDA:4,(anonymous_0)
FNDA:0,(anonymous_1)
FNDA:2,(anonymous_2)
FNDA:0,(anonymous_3)
FNDA:1,(anonymous_4)
FNDA:1,(anonymous_5)
FNDA:0,(anonymous_6)
FNDA:2,(anonymous_7)
DA:7,4
DA:8,3
DA:10,4
DA:12,4
DA:17,0
DA:21,2
DA:25,0
DA:29,1
DA:30,1
DA:31,1
DA:34,0
DA:38,1
DA:39,1
DA:40,1
DA:42,0
DA:45,0
DA:46,0
DA:47,0
DA:49,0
DA:52,2
LF:20
LH:12
BRDA:7,0,0,3
BRDA:7,0,1,1
BRDA:29,1,0,1
BRDA:29,1,1,0
BRDA:38,2,0,1
BRDA:38,2,1,0
BRDA:45,3,0,0
BRDA:45,3,1,0
BRF:8
BRH:4
end_of_record
